[2025-07-25 14:28:34] === Démarrage du déploiement de test pour budget-app-frontend ===
[2025-07-25 14:28:34] Node.js est déjà installé: v24.4.1
[2025-07-25 14:28:34] NPM est déjà installé: 11.4.2
[2025-07-25 14:28:34] Installation des dépendances...

up to date in 1s
[2025-07-25 14:28:36] Installation des dépendances pour le support web...

up to date in 1s
[2025-07-25 14:28:37] Vérification de la disponibilité du backend...
[2025-07-25 14:28:37] Backend disponible à http://localhost:8000
[2025-07-25 14:28:37] Arrêt des instances précédentes...
[2025-07-25 14:28:37] Aucune instance expo précédente trouvée
[2025-07-25 14:28:37] Démarrage de l'application en mode développement...
[2025-07-25 14:28:40] Application démarrée avec PID 80675
[2025-07-25 14:28:40] Vous pouvez accéder à l'application à http://localhost:19006
[2025-07-25 14:28:40] Surveillance du démarrage de l'application pendant 10 secondes...
[2025-07-25 14:28:44] Interface web accessible à http://localhost:19006
[2025-07-25 14:28:44] Création du script stop_test.sh...
[2025-07-25 14:28:44] Script stop_test.sh créé avec succès
[2025-07-25 14:28:44] Déploiement de test terminé avec succès
[2025-07-25 14:28:44] Pour arrêter l'application, exécutez: ./stop_test.sh
