[2025-12-03 11:05:03] [restart] === Démarrage du script restart ===
[2025-12-03 11:05:03] [restart] Répertoire du projet: /home/lab-telegraf/code/budget
[2025-12-03 11:05:03] [restart] Fichier de log: /home/lab-telegraf/code/budget/logs/restart.log
[2025-12-03 11:05:03] [restart] [DEBUG] ------- INFORMATIONS SYSTÈME -------
[2025-12-03 11:05:03] [restart] [DEBUG] OS: Linux lab-telegraf-VMware-Virtual-Platform 6.14.0-36-generic #36~24.04.1-Ubuntu SMP PREEMPT_DYNAMIC Wed Oct 15 15:45:17 UTC 2 x86_64 x86_64 x86_64 GNU/Linux
[2025-12-03 11:05:03] [restart] [DEBUG] Python: Python 3.12.3
[2025-12-03 11:05:03] [restart] [DEBUG] Node: v18.19.1
[2025-12-03 11:05:04] [restart] [DEBUG] NPM: 9.2.0
[2025-12-03 11:05:04] [restart] [DEBUG] MongoDB: db version v7.0.26
[2025-12-03 11:05:04] [restart] [DEBUG] MongoDB status: running
[2025-12-03 11:05:04] [restart] [DEBUG] Espace disque: /dev/sda2           30G     14G   15G  48% /
[2025-12-03 11:05:04] [restart] [DEBUG] Mémoire: Mem:           7,8Gi       2,8Gi       3,1Gi        35Mi       2,1Gi       4,9Gi
[2025-12-03 11:05:04] [restart] [DEBUG] ----------------------------------
[2025-12-03 11:05:04] [restart] === Redémarrage de l'application Budget ===
[2025-12-03 11:05:04] [restart] Étape 1: Arrêt des services existants...
[2025-12-03 11:05:04] [restart] Arrêt du backend...
[2025-12-03 11:05:04] [restart] Arrêt des processus Backend uvicorn (PID: 204472)...
[0;32m[2025-12-03 11:05:06] [restart] SUCCÈS: Tous les processus Backend uvicorn arrêtés[0m
[2025-12-03 11:05:07] [restart] Aucun processus Script de déploiement backend trouvé
[2025-12-03 11:05:07] [restart] Aucun processus Uvicorn Python trouvé
[2025-12-03 11:05:07] [restart] Arrêt du frontend...
[2025-12-03 11:05:07] [restart] Aucun processus Expo trouvé
[2025-12-03 11:05:07] [restart] Aucun processus Expo CLI trouvé
[2025-12-03 11:05:07] [restart] Aucun processus React Native trouvé
[2025-12-03 11:05:07] [restart] Aucun processus NPM Start trouvé
[2025-12-03 11:05:07] [restart] Aucun processus Script de déploiement frontend trouvé
[2025-12-03 11:05:07] [restart] Aucun processus Node Expo trouvé
[2025-12-03 11:05:07] [restart] Aucun processus Vite trouvé
[2025-12-03 11:05:07] [restart] Arrêt des scripts de déploiement globaux...
[2025-12-03 11:05:07] [restart] Aucun processus Script de déploiement principal trouvé
[2025-12-03 11:05:07] [restart] Aucun processus Scripts de test trouvé
[2025-12-03 11:05:07] [restart] Arrêt des processus sur les ports spécifiques...
[2025-12-03 11:05:08] [restart] Attente de l'arrêt complet des processus...
[2025-12-03 11:05:13] [restart] Vérification de l'arrêt des processus...
[0;32m[2025-12-03 11:05:13] [restart] SUCCÈS: Port 8000 libéré[0m
[0;32m[2025-12-03 11:05:13] [restart] SUCCÈS: Port 19006 libéré[0m
[0;32m[2025-12-03 11:05:13] [restart] SUCCÈS: Port 19007 libéré[0m
[2025-12-03 11:05:13] [restart] Étape 2: Redémarrage des services...
[2025-12-03 11:05:13] [restart] Lancement du script de déploiement...
[2025-12-03 11:05:22] [restart] Étape 3: Vérification du redémarrage...
[0;32m[2025-12-03 11:05:32] [restart] SUCCÈS: Backend redémarré avec succès[0m
[0;32m[2025-12-03 11:05:32] [restart] SUCCÈS: Frontend redémarré avec succès[0m
[0;32m[2025-12-03 11:05:32] [restart] SUCCÈS: === Redémarrage terminé ===[0m
[2025-12-03 11:05:32] [restart] URLs d'accès :
[2025-12-03 11:05:32] [restart]   - Frontend: http://localhost:19006 (ou 19007)
[2025-12-03 11:05:32] [restart]   - Backend API: http://localhost:8000
[2025-12-03 11:05:32] [restart]   - Documentation: http://localhost:8000/docs
[2025-12-03 11:05:32] [restart]   - Health check: http://localhost:8000/api/health
